[29/11/17 21:57:17] Peer 1003 makes a connection to Peer 1000
[29/11/17 21:57:17] Peer 1003 makes a connection to Peer 1001
[29/11/17 21:57:17] Peer 1003 makes a connection to Peer 1002
[29/11/17 21:57:17] Peer 1003 received the 'not interested' message from 1001
[29/11/17 21:57:17] Peer 1003 received the 'not interested' message from 1000
[29/11/17 21:57:17] Peer 1003 received the 'not interested' message from 1002
[29/11/17 21:57:18] Peer 1003 is choked by Peer 1000
[29/11/17 21:57:18] Peer 1003 is unchoked by Peer 1000
[29/11/17 21:57:18] Peer 1003 received the 'have' message from Peer 1002 for the piece 4
[29/11/17 21:57:18] Peer 1003 has downloaded the piece 12 from 1000
[29/11/17 21:57:18] Peer 1003 received the 'interested' message from 1001
[29/11/17 21:57:19] Peer 1003 received the 'have' message from Peer 1002 for the piece 12
[29/11/17 21:57:19] Peer 1003 has downloaded the piece 18 from 1000
[29/11/17 21:57:19] Peer 1003 received the 'have' message from Peer 1002 for the piece 13
[29/11/17 21:57:19] Peer 1003 received the 'interested' message from 1001
[29/11/17 21:57:19] Peer 1003 received the 'interested' message from 1002
[29/11/17 21:57:19] Peer 1003 has downloaded the piece 9 from 1000
[29/11/17 21:57:19] Peer 1003 received the 'have' message from Peer 1002 for the piece 14
[29/11/17 21:57:19] Peer 1003 received the 'interested' message from 1001
[29/11/17 21:57:19] Peer 1003 received the 'interested' message from 1002
[29/11/17 21:57:19] Peer 1003 has downloaded the piece 16 from 1000
[29/11/17 21:57:19] Peer 1003 received the 'have' message from Peer 1002 for the piece 28
[29/11/17 21:57:19] Peer 1003 received the 'interested' message from 1001
[29/11/17 21:57:19] Peer 1003 has downloaded the piece 22 from 1000
[29/11/17 21:57:19] Peer 1003 received the 'interested' message from 1002
[29/11/17 21:57:20] Peer 1003 received the 'have' message from Peer 1002 for the piece 23
[29/11/17 21:57:20] Peer 1003 received the 'interested' message from 1001
[29/11/17 21:57:20] Peer 1003 has downloaded the piece 19 from 1000
[29/11/17 21:57:20] Peer 1003 received the 'interested' message from 1002
[29/11/17 21:57:20] Peer 1003 received the 'have' message from Peer 1002 for the piece 7
[29/11/17 21:57:20] Peer 1003 received the 'interested' message from 1001
[29/11/17 21:57:20] Peer 1003 has downloaded the piece 27 from 1000
[29/11/17 21:57:20] Peer 1003 received the 'interested' message from 1002
[29/11/17 21:57:20] Peer 1003 received the 'have' message from Peer 1002 for the piece 27
[29/11/17 21:57:20] Peer 1003 received the 'interested' message from 1001
[29/11/17 21:57:20] Peer 1003 is choked by Peer 1002
[29/11/17 21:57:20] Peer 1003: has the preferred neighbors 1001
[29/11/17 21:57:20] Peer 1003 has downloaded the piece 5 from 1000
[29/11/17 21:57:20] Peer 1003 received the 'have' message from Peer 1002 for the piece 16
[29/11/17 21:57:20] Peer 1003 received the 'interested' message from 1002
[29/11/17 21:57:20] Peer 1003 received the 'have' message from Peer 1002 for the piece 8
[29/11/17 21:57:20] Peer 1003 has downloaded the piece 3 from 1000
[29/11/17 21:57:20] Peer 1003 received the 'have' message from Peer 1001 for the piece 14
[29/11/17 21:57:20] Peer 1003 received the 'interested' message from 1002
[29/11/17 21:57:20] Peer 1003 has downloaded the piece 8 from 1000
[29/11/17 21:57:21] Peer 1003 received the 'have' message from Peer 1001 for the piece 9
[29/11/17 21:57:21] Peer 1003 received the 'have' message from Peer 1002 for the piece 2
[29/11/17 21:57:21] Peer 1003 received the 'interested' message from 1001
[29/11/17 21:57:21] Peer 1003 has downloaded the piece 0 from 1000
[29/11/17 21:57:21] Peer 1003 received the 'interested' message from 1001
[29/11/17 21:57:21] Peer 1003 received the 'have' message from Peer 1002 for the piece 22
[29/11/17 21:57:21] Peer 1003 received the 'have' message from Peer 1001 for the piece 4
[29/11/17 21:57:21] Peer 1003 received the 'interested' message from 1002
[29/11/17 21:57:21] Peer 1003 received the 'interested' message from 1001
[29/11/17 21:57:21] Peer 1003 has downloaded the piece 2 from 1000
[29/11/17 21:57:21] Peer 1003 received the 'have' message from Peer 1002 for the piece 24
[29/11/17 21:57:21] Peer 1003 has downloaded the piece 23 from 1000
[29/11/17 21:57:21] Peer 1003 received the 'have' message from Peer 1001 for the piece 27
[29/11/17 21:57:21] Peer 1003 received the 'have' message from Peer 1002 for the piece 6
[29/11/17 21:57:21] Peer 1003 has downloaded the piece 7 from 1000
[29/11/17 21:57:21] Peer 1003 received the 'interested' message from 1001
[29/11/17 21:57:21] Peer 1003 received the 'have' message from Peer 1001 for the piece 7
[29/11/17 21:57:21] Peer 1003 received the 'have' message from Peer 1002 for the piece 18
[29/11/17 21:57:21] Peer 1003 has downloaded the piece 6 from 1000
[29/11/17 21:57:21] Peer 1003 received the 'interested' message from 1001
[29/11/17 21:57:21] Peer 1003 received the 'interested' message from 1001
[29/11/17 21:57:21] Peer 1003 received the 'have' message from Peer 1002 for the piece 3
[29/11/17 21:57:21] Peer 1003 received the 'have' message from Peer 1001 for the piece 5
[29/11/17 21:57:21] Peer 1003 has downloaded the piece 11 from 1000
[29/11/17 21:57:22] Peer 1003 received the 'have' message from Peer 1002 for the piece 19
[29/11/17 21:57:22] Peer 1003 received the 'have' message from Peer 1001 for the piece 28
[29/11/17 21:57:22] Peer 1003 received the 'interested' message from 1002
[29/11/17 21:57:22] Peer 1003 has downloaded the piece 24 from 1000
[29/11/17 21:57:22] Peer 1003 received the 'interested' message from 1001
[29/11/17 21:57:22] Peer 1003 received the 'have' message from Peer 1002 for the piece 0
[29/11/17 21:57:22] Peer 1003 received the 'have' message from Peer 1001 for the piece 2
[29/11/17 21:57:22] Peer 1003 has downloaded the piece 13 from 1000
[29/11/17 21:57:22] Peer 1003 received the 'interested' message from 1001
[29/11/17 21:57:22] Peer 1003 received the 'have' message from Peer 1001 for the piece 8
[29/11/17 21:57:22] Peer 1003 has downloaded the piece 17 from 1000
[29/11/17 21:57:22] Peer 1003 received the 'interested' message from 1001
[29/11/17 21:57:22] Peer 1003 received the 'have' message from Peer 1002 for the piece 5
[29/11/17 21:57:22] Peer 1003 is unchoked by Peer 1001
[29/11/17 21:57:22] Peer 1003 is choked by Peer 1002
[29/11/17 21:57:22] Peer 1003 received the 'have' message from Peer 1001 for the piece 3
[29/11/17 21:57:22] Peer 1003 received the 'interested' message from 1002
[29/11/17 21:57:22] Peer 1003 received the 'have' message from Peer 1002 for the piece 9
[29/11/17 21:57:22] Peer 1003 received the 'interested' message from 1001
[29/11/17 21:57:22] Peer 1003 has downloaded the piece 25 from 1000
[29/11/17 21:57:22] Peer 1003 has downloaded the piece 28 from 1001
[29/11/17 21:57:22] Peer 1003 received the 'have' message from Peer 1002 for the piece 15
[29/11/17 21:57:22] Peer 1003 received the 'interested' message from 1002
[29/11/17 21:57:22] Peer 1003 received the 'have' message from Peer 1002 for the piece 10
[29/11/17 21:57:22] Peer 1003 has downloaded the piece 20 from 1000
[29/11/17 21:57:23] Peer 1003 received the 'have' message from Peer 1001 for the piece 22
[29/11/17 21:57:23] Peer 1003 received the 'interested' message from 1001
[29/11/17 21:57:23] Peer 1003 received the 'have' message from Peer 1001 for the piece 24
[29/11/17 21:57:23] Peer 1003 received the 'interested' message from 1002
[29/11/17 21:57:23] Peer 1003 received the 'have' message from Peer 1002 for the piece 25
[29/11/17 21:57:23] Peer 1003 has downloaded the piece 15 from 1000
[29/11/17 21:57:23] Peer 1003 received the 'interested' message from 1001
[29/11/17 21:57:23] Peer 1003 received the 'have' message from Peer 1001 for the piece 16
[29/11/17 21:57:23] Peer 1003 has downloaded the piece 4 from 1001
[29/11/17 21:57:23] Peer 1003 received the 'have' message from Peer 1002 for the piece 21
[29/11/17 21:57:23] Peer 1003 has downloaded the piece 26 from 1000
[29/11/17 21:57:23] Peer 1003 received the 'have' message from Peer 1002 for the piece 26
[29/11/17 21:57:23] Peer 1003 received the 'interested' message from 1001
[29/11/17 21:57:23] Peer 1003 received the 'have' message from Peer 1001 for the piece 13
[29/11/17 21:57:23] Peer 1003 has downloaded the piece 10 from 1000
[29/11/17 21:57:23] Peer 1003 is unchoked by Peer 1002
[29/11/17 21:57:23] Peer 1003 has the optimistically unchoke neighbor 1002
[29/11/17 21:57:23] Peer 1003 received the 'have' message from Peer 1001 for the piece 6
[29/11/17 21:57:23] Peer 1003 has downloaded the piece 21 from 1002
[29/11/17 21:57:23] Peer 1003 received the 'interested' message from 1001
[29/11/17 21:57:23] Peer 1003 received the 'have' message from Peer 1001 for the piece 26
[29/11/17 21:57:23] Peer 1003 received the 'have' message from Peer 1002 for the piece 11
[29/11/17 21:57:23] Peer 1003 has downloaded the piece 14 from 1001
[29/11/17 21:57:23] Peer 1003 has downloaded the piece 1 from 1000
[29/11/17 21:57:23] Peer 1003 received the 'have' message from Peer 1001 for the piece 23
[29/11/17 21:57:23] Peer 1003 received the 'have' message from Peer 1001 for the piece 0
[29/11/17 21:57:23] Peer 1003 has downloaded the complete file
[29/11/17 21:57:23] Peer 1003 received the 'have' message from Peer 1001 for the piece 19
[29/11/17 21:57:24] Peer 1003 received the 'interested' message from 1001
[29/11/17 21:57:24] Peer 1003 received the 'have' message from Peer 1001 for the piece 1
[29/11/17 21:57:24] Peer 1003 received the 'have' message from Peer 1001 for the piece 25
[29/11/17 21:57:24] Peer 1003 received the 'have' message from Peer 1001 for the piece 18
[29/11/17 21:57:24] Peer 1003 received the 'have' message from Peer 1001 for the piece 15
[29/11/17 21:57:24] Peer 1003 received the 'have' message from Peer 1001 for the piece 12
[29/11/17 21:57:24] Peer 1003 is choked by Peer 1000
[29/11/17 21:57:24] Peer 1003 received the 'have' message from Peer 1001 for the piece 20
[29/11/17 21:57:24] Peer 1003: has the preferred neighbors 1002
[29/11/17 21:57:24] Peer 1003 is choked by Peer 1001
[29/11/17 21:57:24] Peer 1003 received the 'have' message from Peer 1001 for the piece 11
[29/11/17 21:57:24] Peer 1003 received the 'have' message from Peer 1001 for the piece 21
[29/11/17 21:57:24] Peer 1003 received the 'not interested' message from 1001
[29/11/17 21:57:24] Peer 1003 received the 'have' message from Peer 1001 for the piece 17
