[29/11/17 21:57:17] Peer 1000 is connected from Peer 1001
[29/11/17 21:57:17] Peer 1000 is connected from Peer 1002
[29/11/17 21:57:17] Peer 1000 is connected from Peer 1003
[29/11/17 21:57:17] Peer 1000 received the 'interested' message from 1001
[29/11/17 21:57:17] Peer 1000 received the 'interested' message from 1002
[29/11/17 21:57:17] Peer 1000 received the 'interested' message from 1003
[29/11/17 21:57:18] Peer 1000: has the preferred neighbors 1001
[29/11/17 21:57:18] Peer 1000 has the optimistically unchoke neighbor 1003
[29/11/17 21:57:18] Peer 1000 received the 'have' message from Peer 1001 for the piece 4
[29/11/17 21:57:18] Peer 1000 received the 'have' message from Peer 1003 for the piece 12
[29/11/17 21:57:19] Peer 1000 received the 'have' message from Peer 1001 for the piece 12
[29/11/17 21:57:19] Peer 1000 received the 'have' message from Peer 1001 for the piece 13
[29/11/17 21:57:19] Peer 1000 received the 'have' message from Peer 1003 for the piece 18
[29/11/17 21:57:19] Peer 1000 received the 'have' message from Peer 1001 for the piece 14
[29/11/17 21:57:19] Peer 1000 received the 'have' message from Peer 1003 for the piece 9
[29/11/17 21:57:19] Peer 1000 received the 'have' message from Peer 1003 for the piece 16
[29/11/17 21:57:19] Peer 1000 received the 'have' message from Peer 1001 for the piece 28
[29/11/17 21:57:20] Peer 1000 received the 'have' message from Peer 1003 for the piece 22
[29/11/17 21:57:20] Peer 1000 received the 'have' message from Peer 1001 for the piece 23
[29/11/17 21:57:20] Peer 1000 received the 'have' message from Peer 1003 for the piece 19
[29/11/17 21:57:20] Peer 1000 received the 'have' message from Peer 1001 for the piece 7
[29/11/17 21:57:20] Peer 1000 received the 'have' message from Peer 1003 for the piece 27
[29/11/17 21:57:20] Peer 1000 received the 'have' message from Peer 1001 for the piece 27
[29/11/17 21:57:20] Peer 1000 received the 'have' message from Peer 1001 for the piece 16
[29/11/17 21:57:20] Peer 1000 received the 'have' message from Peer 1003 for the piece 5
[29/11/17 21:57:20] Peer 1000 received the 'have' message from Peer 1001 for the piece 8
[29/11/17 21:57:20] Peer 1000 received the 'have' message from Peer 1003 for the piece 3
[29/11/17 21:57:20] Peer 1000 received the 'have' message from Peer 1002 for the piece 14
[29/11/17 21:57:21] Peer 1000 received the 'have' message from Peer 1002 for the piece 9
[29/11/17 21:57:21] Peer 1000 received the 'have' message from Peer 1001 for the piece 2
[29/11/17 21:57:21] Peer 1000 received the 'have' message from Peer 1003 for the piece 8
[29/11/17 21:57:21] Peer 1000 received the 'have' message from Peer 1001 for the piece 22
[29/11/17 21:57:21] Peer 1000 received the 'have' message from Peer 1003 for the piece 0
[29/11/17 21:57:21] Peer 1000 received the 'have' message from Peer 1002 for the piece 4
[29/11/17 21:57:21] Peer 1000 received the 'have' message from Peer 1003 for the piece 2
[29/11/17 21:57:21] Peer 1000 received the 'have' message from Peer 1001 for the piece 24
[29/11/17 21:57:21] Peer 1000 received the 'have' message from Peer 1003 for the piece 23
[29/11/17 21:57:21] Peer 1000 received the 'have' message from Peer 1002 for the piece 27
[29/11/17 21:57:21] Peer 1000 received the 'have' message from Peer 1001 for the piece 6
[29/11/17 21:57:21] Peer 1000 received the 'have' message from Peer 1003 for the piece 7
[29/11/17 21:57:21] Peer 1000 received the 'have' message from Peer 1002 for the piece 7
[29/11/17 21:57:21] Peer 1000 received the 'have' message from Peer 1001 for the piece 18
[29/11/17 21:57:21] Peer 1000 received the 'have' message from Peer 1003 for the piece 6
[29/11/17 21:57:21] Peer 1000 received the 'have' message from Peer 1001 for the piece 3
[29/11/17 21:57:21] Peer 1000 received the 'have' message from Peer 1002 for the piece 5
[29/11/17 21:57:22] Peer 1000 received the 'have' message from Peer 1003 for the piece 11
[29/11/17 21:57:22] Peer 1000 received the 'have' message from Peer 1001 for the piece 19
[29/11/17 21:57:22] Peer 1000 received the 'have' message from Peer 1002 for the piece 28
[29/11/17 21:57:22] Peer 1000 received the 'have' message from Peer 1003 for the piece 24
[29/11/17 21:57:22] Peer 1000 received the 'have' message from Peer 1001 for the piece 0
[29/11/17 21:57:22] Peer 1000 received the 'have' message from Peer 1002 for the piece 2
[29/11/17 21:57:22] Peer 1000 received the 'have' message from Peer 1003 for the piece 13
[29/11/17 21:57:22] Peer 1000 received the 'have' message from Peer 1002 for the piece 8
[29/11/17 21:57:22] Peer 1000 received the 'have' message from Peer 1001 for the piece 5
[29/11/17 21:57:22] Peer 1000 received the 'have' message from Peer 1002 for the piece 3
[29/11/17 21:57:22] Peer 1000 received the 'have' message from Peer 1003 for the piece 17
[29/11/17 21:57:22] Peer 1000 received the 'have' message from Peer 1001 for the piece 9
[29/11/17 21:57:22] Peer 1000 received the 'have' message from Peer 1001 for the piece 15
[29/11/17 21:57:22] Peer 1000 received the 'have' message from Peer 1003 for the piece 25
[29/11/17 21:57:22] Peer 1000 received the 'have' message from Peer 1002 for the piece 22
[29/11/17 21:57:22] Peer 1000 received the 'have' message from Peer 1003 for the piece 28
[29/11/17 21:57:22] Peer 1000 received the 'have' message from Peer 1001 for the piece 10
[29/11/17 21:57:22] Peer 1000 received the 'have' message from Peer 1002 for the piece 24
[29/11/17 21:57:23] Peer 1000 received the 'have' message from Peer 1003 for the piece 20
[29/11/17 21:57:23] Peer 1000 received the 'have' message from Peer 1001 for the piece 25
[29/11/17 21:57:23] Peer 1000 received the 'have' message from Peer 1002 for the piece 16
[29/11/17 21:57:23] Peer 1000 received the 'have' message from Peer 1003 for the piece 15
[29/11/17 21:57:23] Peer 1000 received the 'have' message from Peer 1001 for the piece 21
[29/11/17 21:57:23] Peer 1000 received the 'have' message from Peer 1003 for the piece 4
[29/11/17 21:57:23] Peer 1000 received the 'have' message from Peer 1002 for the piece 13
[29/11/17 21:57:23] Peer 1000 received the 'have' message from Peer 1003 for the piece 26
[29/11/17 21:57:23] Peer 1000 received the 'have' message from Peer 1002 for the piece 6
[29/11/17 21:57:23] Peer 1000 has the optimistically unchoke neighbor 1002
[29/11/17 21:57:23] Peer 1000 received the 'have' message from Peer 1001 for the piece 26
[29/11/17 21:57:23] Peer 1000 received the 'have' message from Peer 1003 for the piece 10
[29/11/17 21:57:23] Peer 1000 received the 'have' message from Peer 1002 for the piece 26
[29/11/17 21:57:23] Peer 1000 received the 'have' message from Peer 1001 for the piece 11
[29/11/17 21:57:23] Peer 1000 received the 'have' message from Peer 1003 for the piece 21
[29/11/17 21:57:23] Peer 1000 received the 'have' message from Peer 1002 for the piece 23
[29/11/17 21:57:23] Peer 1000 received the 'have' message from Peer 1003 for the piece 14
[29/11/17 21:57:23] Peer 1000 received the 'have' message from Peer 1002 for the piece 0
[29/11/17 21:57:23] Peer 1000 received the 'have' message from Peer 1003 for the piece 1
[29/11/17 21:57:23] Peer 1000 received the 'have' message from Peer 1002 for the piece 19
[29/11/17 21:57:23] Peer 1000 received the 'not interested' message from 1003
[29/11/17 21:57:24] Peer 1000 received the 'have' message from Peer 1002 for the piece 1
[29/11/17 21:57:24] Peer 1000 received the 'have' message from Peer 1002 for the piece 25
[29/11/17 21:57:24] Peer 1000 received the 'have' message from Peer 1002 for the piece 18
[29/11/17 21:57:24] Peer 1000 received the 'have' message from Peer 1002 for the piece 15
[29/11/17 21:57:24] Peer 1000 received the 'have' message from Peer 1002 for the piece 12
[29/11/17 21:57:24] Peer 1000 received the 'have' message from Peer 1002 for the piece 20
[29/11/17 21:57:24] Peer 1000 received the 'have' message from Peer 1002 for the piece 11
[29/11/17 21:57:24] Peer 1000 received the 'have' message from Peer 1002 for the piece 21
[29/11/17 21:57:24] Peer 1000 received the 'have' message from Peer 1002 for the piece 17
[29/11/17 21:57:24] Peer 1000 received the 'not interested' message from 1002
